<?xml version="1.0" encoding="UTF-8"?>
<!-- Generated by org.testng.reporters.JUnitReportReporter -->
<testsuite hostname="DESKTOP-8DBLLD3" failures="0" tests="2" name="tests.HomePageTestCase" time="4.663" errors="0" timestamp="2022-02-18T15:46:37 IST" skipped="0">
  <testcase classname="tests.HomePageTestCase" name="signInLink" time="0.783"/>
  <system-out/>
  <testcase classname="tests.HomePageTestCase" name="loginTest" time="3.880"/>
  <system-out/>
</testsuite> <!-- tests.HomePageTestCase -->
