<?xml version="1.0" encoding="UTF-8"?>
<!-- Generated by org.testng.reporters.JUnitReportReporter -->
<testsuite hostname="DESKTOP-8DBLLD3" failures="0" tests="1" name="tests.HomePageTestCase" time="0.936" errors="0" timestamp="2022-02-16T15:38:45 IST" skipped="0">
  <testcase classname="tests.HomePageTestCase" name="signInTest" time="0.936"/>
  <system-out/>
</testsuite> <!-- tests.HomePageTestCase -->
