<?xml version="1.0" encoding="UTF-8"?>
<!-- Generated by org.testng.reporters.JUnitReportReporter -->
<testsuite hostname="DESKTOP-8DBLLD3" failures="0" tests="2" name="tests.HomePageTestCase" time="5.494" errors="0" timestamp="2022-02-18T15:39:44 IST" skipped="0">
  <testcase classname="tests.HomePageTestCase" name="signInLink" time="1.013"/>
  <system-out/>
  <testcase classname="tests.HomePageTestCase" name="loginTest" time="4.481"/>
  <system-out/>
</testsuite> <!-- tests.HomePageTestCase -->
