<?xml version="1.0" encoding="UTF-8"?>
<!-- Generated by org.testng.reporters.JUnitReportReporter -->
<testsuite hostname="DESKTOP-8DBLLD3" failures="0" tests="2" name="tests.HomePageTestCase" time="7.081" errors="0" timestamp="2022-02-21T23:03:30 IST" skipped="0">
  <testcase classname="tests.HomePageTestCase" name="signInLink" time="1.906"/>
  <system-out/>
  <testcase classname="tests.HomePageTestCase" name="loginTest" time="5.175"/>
  <system-out/>
</testsuite> <!-- tests.HomePageTestCase -->
