<?xml version="1.0" encoding="UTF-8"?>
<!-- Generated by org.testng.reporters.JUnitReportReporter -->
<testsuite hostname="DESKTOP-8DBLLD3" failures="0" tests="2" name="tests.HomePageTestCase" time="5.618" errors="0" timestamp="2022-02-18T16:05:00 IST" skipped="0">
  <testcase classname="tests.HomePageTestCase" name="signInLink" time="1.207"/>
  <system-out/>
  <testcase classname="tests.HomePageTestCase" name="loginTest" time="4.411"/>
  <system-out/>
</testsuite> <!-- tests.HomePageTestCase -->
