<?xml version="1.0" encoding="UTF-8"?>
<!-- Generated by org.testng.reporters.JUnitReportReporter -->
<testsuite hostname="DESKTOP-8DBLLD3" failures="0" tests="1" name="tests.HotelPageTestClass" time="6.096" errors="0" timestamp="2022-02-18T16:05:00 IST" skipped="0">
  <testcase classname="tests.HotelPageTestClass" name="searchHotel" time="6.096"/>
  <system-out/>
</testsuite> <!-- tests.HotelPageTestClass -->
