<?xml version="1.0" encoding="UTF-8"?>
<!-- Generated by org.testng.reporters.JUnitReportReporter -->
<testsuite hostname="DESKTOP-8DBLLD3" failures="0" tests="1" name="tests.HotelPageTestClass" time="10.983" errors="0" timestamp="2022-02-21T23:03:30 IST" skipped="0">
  <testcase classname="tests.HotelPageTestClass" name="searchHotel" time="10.983"/>
  <system-out/>
</testsuite> <!-- tests.HotelPageTestClass -->
